<?xml version="1.0" encoding="UTF-8"?>
<!-- Generated by org.testng.reporters.JUnitXMLReporter -->
<testsuite ignored="0" hostname="Adityas-MacBook-Pro.local" failures="5" tests="5" name="FormAndCalendarTest" time="15.819" errors="0" timestamp="2025-08-31T19:15:13 IST">
  <testcase classname="testcase.LocatorsAndActionsPractise" name="fillFormAndSelectDate" time="0.015">
    <failure type="java.lang.Error" message="Unresolved compilation problems: 
	The field BaseTest.driver is not visible
	The field BaseTest.driver is not visible
	The field BaseTest.driver is not visible
	The field BaseTest.driver is not visible
	The field BaseTest.driver is not visible
">
      <![CDATA[java.lang.Error: Unresolved compilation problems: 
The field BaseTest.driver is not visible
The field BaseTest.driver is not visible
The field BaseTest.driver is not visible
The field BaseTest.driver is not visible
The field BaseTest.driver is not visible

at testcase.LocatorsAndActionsPractise.fillFormAndSelectDate(LocatorsAndActionsPractise.java:22)
at java.base/java.util.ArrayList.forEach(ArrayList.java:1597)
... Removed 25 stack frames]]>
    </failure>
  </testcase> <!-- fillFormAndSelectDate -->
  <testcase classname="testcase.LocatorsAndActionsPractise" name="fillFormAndSelectDate" time="0.001">
    <failure type="java.lang.Error" message="Unresolved compilation problems: 
	The field BaseTest.driver is not visible
	The field BaseTest.driver is not visible
	The field BaseTest.driver is not visible
	The field BaseTest.driver is not visible
	The field BaseTest.driver is not visible
">
      <![CDATA[java.lang.Error: Unresolved compilation problems: 
The field BaseTest.driver is not visible
The field BaseTest.driver is not visible
The field BaseTest.driver is not visible
The field BaseTest.driver is not visible
The field BaseTest.driver is not visible

at testcase.LocatorsAndActionsPractise.fillFormAndSelectDate(LocatorsAndActionsPractise.java:22)
at java.base/java.util.ArrayList.forEach(ArrayList.java:1597)
... Removed 25 stack frames]]>
    </failure>
  </testcase> <!-- fillFormAndSelectDate -->
  <testcase classname="testcase.LocatorsAndActionsPractise" name="fillFormAndSelectDate" time="0.001">
    <failure type="java.lang.Error" message="Unresolved compilation problems: 
	The field BaseTest.driver is not visible
	The field BaseTest.driver is not visible
	The field BaseTest.driver is not visible
	The field BaseTest.driver is not visible
	The field BaseTest.driver is not visible
">
      <![CDATA[java.lang.Error: Unresolved compilation problems: 
The field BaseTest.driver is not visible
The field BaseTest.driver is not visible
The field BaseTest.driver is not visible
The field BaseTest.driver is not visible
The field BaseTest.driver is not visible

at testcase.LocatorsAndActionsPractise.fillFormAndSelectDate(LocatorsAndActionsPractise.java:22)
at java.base/java.util.ArrayList.forEach(ArrayList.java:1597)
... Removed 25 stack frames]]>
    </failure>
  </testcase> <!-- fillFormAndSelectDate -->
  <testcase classname="testcase.LocatorsAndActionsPractise" name="fillFormAndSelectDate" time="0.001">
    <failure type="java.lang.Error" message="Unresolved compilation problems: 
	The field BaseTest.driver is not visible
	The field BaseTest.driver is not visible
	The field BaseTest.driver is not visible
	The field BaseTest.driver is not visible
	The field BaseTest.driver is not visible
">
      <![CDATA[java.lang.Error: Unresolved compilation problems: 
The field BaseTest.driver is not visible
The field BaseTest.driver is not visible
The field BaseTest.driver is not visible
The field BaseTest.driver is not visible
The field BaseTest.driver is not visible

at testcase.LocatorsAndActionsPractise.fillFormAndSelectDate(LocatorsAndActionsPractise.java:22)
at java.base/java.util.ArrayList.forEach(ArrayList.java:1597)
... Removed 25 stack frames]]>
    </failure>
  </testcase> <!-- fillFormAndSelectDate -->
  <testcase classname="testcase.LocatorsAndActionsPractise" name="fillFormAndSelectDate" time="0.002">
    <failure type="java.lang.Error" message="Unresolved compilation problems: 
	The field BaseTest.driver is not visible
	The field BaseTest.driver is not visible
	The field BaseTest.driver is not visible
	The field BaseTest.driver is not visible
	The field BaseTest.driver is not visible
">
      <![CDATA[java.lang.Error: Unresolved compilation problems: 
The field BaseTest.driver is not visible
The field BaseTest.driver is not visible
The field BaseTest.driver is not visible
The field BaseTest.driver is not visible
The field BaseTest.driver is not visible

at testcase.LocatorsAndActionsPractise.fillFormAndSelectDate(LocatorsAndActionsPractise.java:22)
at java.base/java.util.ArrayList.forEach(ArrayList.java:1597)
... Removed 25 stack frames]]>
    </failure>
  </testcase> <!-- fillFormAndSelectDate -->
</testsuite> <!-- FormAndCalendarTest -->
